<?xml version="1.0" encoding="UTF-8"?>
<!-- Generated by org.testng.reporters.JUnitXMLReporter -->
<testsuite ignored="3" hostname="ACROlap32" failures="0" tests="2" name="GroupingTest" time="0.045" errors="0" timestamp="31 Aug 2020 06:05:01 GMT">
  <testcase classname="S55_TestNG.A6_TC1TestNGGrouping" name="test3" time="0.013"/>
  <testcase classname="S55_TestNG.A6_TC1TestNGGrouping" name="test4" time="0.002"/>
  <testcase classname="S55_TestNG.A6_TC1TestNGGrouping" name="test1" time="0.0">
    <ignored/>
  </testcase> <!-- test1 -->
  <testcase classname="S55_TestNG.A6_TC1TestNGGrouping" name="test5" time="0.0">
    <ignored/>
  </testcase> <!-- test5 -->
  <testcase classname="S55_TestNG.A6_TC1TestNGGrouping" name="test2" time="0.0">
    <ignored/>
  </testcase> <!-- test2 -->
</testsuite> <!-- GroupingTest -->
