<?xml version="1.0" encoding="UTF-8"?>
<!-- Generated by org.testng.reporters.JUnitXMLReporter -->
<testsuite ignored="0" hostname="ACROlap32" failures="0" tests="3" name="ParallelClassTest" time="53.087" errors="0" timestamp="01 Sep 2020 10:04:32 GMT">
  <testcase classname="S55_TestNG.B10_TC1TestNGParallelTest" name="homePageTitle" time="27.312"/>
  <testcase classname="S55_TestNG.B10_TC1TestNGParallelTest" name="logoTest" time="21.321"/>
  <testcase classname="S55_TestNG.B10_TC2TestNGParallelTest" name="loginTest" time="50.742"/>
</testsuite> <!-- ParallelClassTest -->
