<?xml version="1.0" encoding="UTF-8"?>
<!-- Generated by org.testng.reporters.JUnitXMLReporter -->
<testsuite ignored="1" hostname="ACROlap32" failures="1" tests="2" name="Test" time="0.066" errors="0" timestamp="02 Sep 2020 05:29:10 GMT">
  <testcase classname="S55_TestNG.B11_TC1TestNGListeners" name="test2" time="0.021">
    <failure type="java.lang.AssertionError" message="expected [B] but found [A]">
      <![CDATA[java.lang.AssertionError: expected [B] but found [A]
at S55_TestNG.B11_TC1TestNGListeners.test2(B11_TC1TestNGListeners.java:57)
... Removed 31 stack frames]]>
    </failure>
  </testcase> <!-- test2 -->
  <testcase classname="S55_TestNG.B11_TC1TestNGListeners" name="test3" time="0.003">
    <skipped/>
  </testcase> <!-- test3 -->
  <testcase classname="S55_TestNG.B11_TC1TestNGListeners" name="test1" time="0.0">
    <ignored/>
  </testcase> <!-- test1 -->
</testsuite> <!-- Test -->
