<?xml version="1.0" encoding="UTF-8"?>
<!-- Generated by org.testng.reporters.JUnitXMLReporter -->
<testsuite ignored="0" hostname="ACROlap32" failures="0" tests="4" name="Annotations Demo" time="0.081" errors="0" timestamp="02 Sep 2020 04:59:34 GMT">
  <testcase classname="S55_TestNG.A3_TC1TestNGAnnotations" name="test1" time="0.005"/>
  <testcase classname="S55_TestNG.A3_TC1TestNGAnnotations" name="test2" time="0.01"/>
  <testcase classname="S55_TestNG.A3_TC2TestNGAnnotations" name="test3" time="0.003"/>
  <testcase classname="S55_TestNG.A3_TC2TestNGAnnotations" name="test4" time="0.002"/>
</testsuite> <!-- Annotations Demo -->
