<?xml version="1.0" encoding="UTF-8"?>
<!-- Generated by org.testng.reporters.JUnitXMLReporter -->
<testsuite ignored="3" hostname="ACROlap32" failures="0" tests="2" name="GroupingTest" time="0.019" errors="0" timestamp="02 Sep 2020 04:59:34 GMT">
  <testcase classname="S55_TestNG.A6_TC1TestNGGrouping" name="test3" time="0.004"/>
  <testcase classname="S55_TestNG.A6_TC1TestNGGrouping" name="test4" time="0.006"/>
  <testcase classname="S55_TestNG.A6_TC1TestNGGrouping" name="test1" time="0.0">
    <ignored/>
  </testcase> <!-- test1 -->
  <testcase classname="S55_TestNG.A6_TC1TestNGGrouping" name="test5" time="0.0">
    <ignored/>
  </testcase> <!-- test5 -->
  <testcase classname="S55_TestNG.A6_TC1TestNGGrouping" name="test2" time="0.0">
    <ignored/>
  </testcase> <!-- test2 -->
</testsuite> <!-- GroupingTest -->
