<?xml version="1.0" encoding="UTF-8"?>
<!-- Generated by org.testng.reporters.JUnitXMLReporter -->
<testsuite ignored="2" hostname="ACROlap32" failures="0" tests="1" name="Test(failed)" time="0.044" errors="0" timestamp="28 Aug 2020 13:49:54 GMT">
  <testcase classname="S55_TestNG.A2_TestNGXMLExample" name="login" time="0.014"/>
  <testcase classname="S55_TestNG.A2_TestNGXMLExample" name="setup" time="0.0">
    <ignored/>
  </testcase> <!-- setup -->
  <testcase classname="S55_TestNG.A2_TestNGXMLExample" name="teardown" time="0.0">
    <ignored/>
  </testcase> <!-- teardown -->
</testsuite> <!-- Test(failed) -->
