<?xml version="1.0" encoding="UTF-8"?>
<testng-results ignored="0" total="1" passed="1" failed="0" skipped="0">
  <reporter-output>
  </reporter-output>
  <suite started-at="2020-09-07T09:13:45Z" name="Default suite" finished-at="2020-09-07T09:14:06Z" duration-ms="20398">
    <groups>
    </groups>
    <test started-at="2020-09-07T09:13:45Z" name="Default test" finished-at="2020-09-07T09:14:06Z" duration-ms="20398">
      <class name="S62_PageObjectModelType2.RegistrationTest">
        <test-method signature="verifyFlightReg()[pri:0, instance:S62_PageObjectModelType2.RegistrationTest@20ccf40b]" started-at="2020-09-07T09:13:45Z" name="verifyFlightReg" finished-at="2020-09-07T09:14:06Z" duration-ms="20372" status="PASS">
          <reporter-output>
          </reporter-output>
        </test-method> <!-- verifyFlightReg -->
      </class> <!-- S62_PageObjectModelType2.RegistrationTest -->
    </test> <!-- Default test -->
  </suite> <!-- Default suite -->
</testng-results>
